<?xml version="1.0" encoding="UTF-8"?>
<testng-results skipped="0" failed="0" ignored="0" total="2" passed="2">
  <reporter-output>
  </reporter-output>
  <suite name="LoginPack.xml" duration-ms="47" started-at="2020-05-27T17:13:47Z" finished-at="2020-05-27T17:13:47Z">
    <groups>
    </groups>
    <test name="Test" duration-ms="47" started-at="2020-05-27T17:13:47Z" finished-at="2020-05-27T17:13:47Z">
      <class name="com.newWorkspace.qa.Login.AppTest">
        <test-method status="PASS" signature="shouldAnswerWithTrue()[pri:0, instance:com.newWorkspace.qa.Login.AppTest@1d251891]" name="shouldAnswerWithTrue" duration-ms="0" started-at="2020-05-27T22:43:47Z" finished-at="2020-05-27T22:43:47Z">
          <reporter-output>
          </reporter-output>
        </test-method> <!-- shouldAnswerWithTrue -->
      </class> <!-- com.newWorkspace.qa.Login.AppTest -->
      <class name="com.newWorkspace.qa.Login.AppTestNew">
        <test-method status="PASS" signature="shouldAnswerWithTrue()[pri:0, instance:com.newWorkspace.qa.Login.AppTestNew@7c30a502]" name="shouldAnswerWithTrue" duration-ms="0" started-at="2020-05-27T22:43:47Z" finished-at="2020-05-27T22:43:47Z">
          <reporter-output>
          </reporter-output>
        </test-method> <!-- shouldAnswerWithTrue -->
      </class> <!-- com.newWorkspace.qa.Login.AppTestNew -->
    </test> <!-- Test -->
  </suite> <!-- LoginPack.xml -->
</testng-results>
