<?xml version="1.0" encoding="UTF-8"?>
<testng-results skipped="0" failed="0" ignored="0" total="1" passed="1">
  <reporter-output>
  </reporter-output>
  <suite name="Default suite" duration-ms="38" started-at="2020-05-28T13:16:19Z" finished-at="2020-05-28T13:16:19Z">
    <groups>
    </groups>
    <test name="Default test" duration-ms="38" started-at="2020-05-28T13:16:19Z" finished-at="2020-05-28T13:16:19Z">
      <class name="com.newWorkspace.qa.Login.App">
        <test-method status="PASS" signature="FirstTest()[pri:0, instance:com.newWorkspace.qa.Login.App@b97c004]" name="FirstTest" duration-ms="12" started-at="2020-05-28T18:46:19Z" finished-at="2020-05-28T18:46:19Z">
          <reporter-output>
          </reporter-output>
        </test-method> <!-- FirstTest -->
      </class> <!-- com.newWorkspace.qa.Login.App -->
    </test> <!-- Default test -->
  </suite> <!-- Default suite -->
</testng-results>
